<?xml version="1.0" encoding="UTF-8"?>
<!-- Generated by org.testng.reporters.JUnitReportReporter -->
<testsuite hostname="DESKTOP-Q9NQ067" failures="0" tests="2" name="com.flipkart.PageFactoryTestCases.VerifyLoginBoxClosePF" time="31.558" errors="0" timestamp="07 Jul 2018 17:37:22 GMT" skipped="0">
  <testcase classname="com.flipkart.PageFactoryTestCases.VerifyLoginBoxClosePF" name="VerifyEscClose" time="13.005"/>
  <testcase classname="com.flipkart.PageFactoryTestCases.VerifyLoginBoxClosePF" name="VerifyClickClose" time="18.553"/>
</testsuite> <!-- com.flipkart.PageFactoryTestCases.VerifyLoginBoxClosePF -->
