<?xml version="1.0" encoding="UTF-8"?>
<!-- Generated by org.testng.reporters.JUnitReportReporter -->
<testsuite hostname="DESKTOP-Q9NQ067" failures="0" tests="1" name="com.flipkart.BasicTestCases.VerifyLogin" time="14.101" errors="0" timestamp="07 Jul 2018 17:37:22 GMT" skipped="0">
  <testcase classname="com.flipkart.BasicTestCases.VerifyLogin" name="VerifyValidLogin" time="14.101"/>
</testsuite> <!-- com.flipkart.BasicTestCases.VerifyLogin -->
