<?xml version="1.0" encoding="UTF-8"?>
<!-- Generated by org.testng.reporters.JUnitReportReporter -->
<testsuite hostname="DESKTOP-Q9NQ067" failures="0" tests="2" name="com.flipkart.TestCases.VerifyLoginBoxClose" time="29.846" errors="0" timestamp="08 Jul 2018 15:22:44 GMT" skipped="0">
  <testcase classname="com.flipkart.TestCases.VerifyLoginBoxClose" name="VerifyEscClose" time="15.316"/>
  <testcase classname="com.flipkart.TestCases.VerifyLoginBoxClose" name="VerifyClickClose" time="14.530"/>
</testsuite> <!-- com.flipkart.TestCases.VerifyLoginBoxClose -->
