<?xml version="1.0" encoding="UTF-8"?>
<!-- Generated by org.testng.reporters.JUnitReportReporter -->
<testsuite hostname="DESKTOP-Q9NQ067" failures="0" tests="1" name="com.flipkart.TestCases.VerifyLogin" time="20.253" errors="0" timestamp="08 Jul 2018 15:22:44 GMT" skipped="0">
  <testcase classname="com.flipkart.TestCases.VerifyLogin" name="VerifyValidLogin" time="20.253"/>
</testsuite> <!-- com.flipkart.TestCases.VerifyLogin -->
