<?xml version="1.0" encoding="UTF-8"?>
<!-- Generated by org.testng.reporters.JUnitReportReporter -->
<testsuite hostname="DESKTOP-Q9NQ067" failures="0" tests="1" name="com.flipkart.TestCases.VerifyLoginPF" time="21.064" errors="0" timestamp="06 Jul 2018 19:00:54 GMT" skipped="0">
  <testcase classname="com.flipkart.TestCases.VerifyLoginPF" name="VerifyValidLogin" time="21.064"/>
</testsuite> <!-- com.flipkart.TestCases.VerifyLoginPF -->
