<?xml version="1.0" encoding="UTF-8"?>
<!-- Generated by org.testng.reporters.JUnitReportReporter -->
<testsuite hostname="DESKTOP-Q9NQ067" failures="0" tests="2" name="com.flipkart.BasicTestCases.VerifyLoginBoxClose" time="28.414" errors="0" timestamp="07 Jul 2018 17:37:22 GMT" skipped="0">
  <testcase classname="com.flipkart.BasicTestCases.VerifyLoginBoxClose" name="VerifyClickClose" time="13.543"/>
  <testcase classname="com.flipkart.BasicTestCases.VerifyLoginBoxClose" name="VerifyEscClose" time="14.871"/>
</testsuite> <!-- com.flipkart.BasicTestCases.VerifyLoginBoxClose -->
