<?xml version="1.0" encoding="UTF-8"?>
<!-- Generated by org.testng.reporters.JUnitReportReporter -->
<testsuite hostname="DESKTOP-Q9NQ067" failures="0" tests="1" name="com.flipkart.PageFactoryTestCases.VerifyLoginPF" time="15.608" errors="0" timestamp="07 Jul 2018 17:37:22 GMT" skipped="0">
  <testcase classname="com.flipkart.PageFactoryTestCases.VerifyLoginPF" name="VerifyValidLogin" time="15.608"/>
</testsuite> <!-- com.flipkart.PageFactoryTestCases.VerifyLoginPF -->
